
Showing logs for build [32mcb-kubecd-bdd-ghfjxy-1568818896-6p6gc-1[0m stage [32mmeta-pipeline[0m and container [32mstep-credential-initializer-xt9lq[0m
{"level":"warn","ts":1568819193.7634714,"logger":"fallback-logger","caller":"logging/config.go:69","msg":"Fetch GitHub commit ID from kodata failed: \"ref: refs/heads/master\" is not a valid GitHub commit ID"}
{"level":"info","ts":1568819193.7638495,"logger":"fallback-logger","caller":"creds-init/main.go:40","msg":"Credentials initialized."}

Showing logs for build [32mcb-kubecd-bdd-ghfjxy-1568818896-6p6gc-1[0m stage [32mmeta-pipeline[0m and container [32mstep-working-dir-initializer-m5dq2[0m
{"level":"warn","ts":1568819194.7787032,"logger":"fallback-logger","caller":"logging/config.go:69","msg":"Fetch GitHub commit ID from kodata failed: open /var/run/ko/HEAD: no such file or directory"}
{"level":"info","ts":1568819194.784247,"logger":"fallback-logger","caller":"bash/main.go:65","msg":"Successfully executed command \"mkdir -p /workspace/source\""}

Showing logs for build [32mcb-kubecd-bdd-ghfjxy-1568818896-6p6gc-1[0m stage [32mmeta-pipeline[0m and container [32mstep-place-tools[0m

Showing logs for build [32mcb-kubecd-bdd-ghfjxy-1568818896-6p6gc-1[0m stage [32mmeta-pipeline[0m and container [32mstep-git-source-meta-cb-kubecd-bdd-ghfjxy-15688-vwfhh[0m
{"level":"warn","ts":1568819199.9165196,"logger":"fallback-logger","caller":"logging/config.go:69","msg":"Fetch GitHub commit ID from kodata failed: \"ref: refs/heads/master\" is not a valid GitHub commit ID"}
{"level":"info","ts":1568819200.973439,"logger":"fallback-logger","caller":"git/git.go:102","msg":"Successfully cloned https://github.com/cb-kubecd/bdd-ghf**y-1568818896.git @ 399a00fc72353f93ee8e4600e59b80bf0e67a2e8 in path /workspace/source"}

Showing logs for build [32mcb-kubecd-bdd-ghfjxy-1568818896-6p6gc-1[0m stage [32mmeta-pipeline[0m and container [32mstep-git-merge[0m
Using SHAs from PULL_REFS=master:399a00fc72353f93ee8e4600e59b80bf0e67a2e8,1:09ad62b048454962bc0a3877bcf6c4367ce4024b
DEBUG: ran git fetch --unshallow origin 09ad62b048454962bc0a3877bcf6c4367ce4024b: 399a00fc72353f93ee8e4600e59b80bf0e67a2e8: in 
DEBUG: ran git checkout master in 
DEBUG: ran git reset --hard 399a00fc72353f93ee8e4600e59b80bf0e67a2e8 in 
DEBUG: ran clean --force -d . in 
DEBUG: ran git merge 09ad62b048454962bc0a3877bcf6c4367ce4024b in 
Merged SHA 09ad62b048454962bc0a3877bcf6c4367ce4024b with commit message 'My first PR commit' into base branch master

Showing logs for build [32mcb-kubecd-bdd-ghfjxy-1568818896-6p6gc-1[0m stage [32mmeta-pipeline[0m and container [32mstep-merge-pull-refs[0m
DEBUG: ran git fetch origin 09ad62b048454962bc0a3877bcf6c4367ce4024b: 399a00fc72353f93ee8e4600e59b80bf0e67a2e8: in 
DEBUG: Unshallowed git repo in 
DEBUG: ran git checkout master in 
DEBUG: ran git reset --hard 399a00fc72353f93ee8e4600e59b80bf0e67a2e8 in 
DEBUG: ran clean --force -d . in 
DEBUG: ran git merge 09ad62b048454962bc0a3877bcf6c4367ce4024b in 
Merged SHA 09ad62b048454962bc0a3877bcf6c4367ce4024b with commit message 'My first PR commit' into base branch master

Showing logs for build [32mcb-kubecd-bdd-ghfjxy-1568818896-6p6gc-1[0m stage [32mmeta-pipeline[0m and container [32mstep-create-effective-pipeline[0m
Deleting and cloning the Jenkins X versions repo
Cloning the Jenkins X versions repo https://github.com/jenkins-x/jenkins-x-versions.git with ref refs/heads/master to /builder/home/.**/jenkins-x-versions
performing pack detection in folder /workspace/source
--> Draft detected YAML (67.752116%)
--> Could not find a pack for YAML. Trying to find the next likely language match...
--> Draft detected RPM Spec (14.854397%)
--> Could not find a pack for RPM Spec. Trying to find the next likely language match...
--> Draft detected Coq (6.799598%)
--> Could not find a pack for Coq. Trying to find the next likely language match...
--> Draft detected Smarty (3.701047%)
--> Could not find a pack for Smarty. Trying to find the next likely language match...
--> Draft detected Go (2.904892%)
selected pack: /builder/home/.**/draft/packs/github.com/jenkins-x-buildpacks/jenkins-x-kubernetes/packs/go
Effective pipeline written to jenkins-x-serverless-jenkins-effective.yml

Showing logs for build [32mcb-kubecd-bdd-ghfjxy-1568818896-6p6gc-1[0m stage [32mmeta-pipeline[0m and container [32mstep-create-tekton-crds[0m
PipelineActivity for cb-kubecd-bdd-ghf**y-1568818896-PR-1-1
Applying changes 
upserted PipelineResource cb-kubecd-bdd-ghf**y-1568818896 for the git repository https://github.com/cb-kubecd/bdd-ghf**y-1568818896.git
upserted Task cb-kubecd-bdd-ghf**y-1568818896-6p6gc-run-make-1
upserted Task cb-kubecd-bdd-ghf**y-1568818896-6p6gc-everything-else-1
upserted Pipeline cb-kubecd-bdd-ghf**y-1568818896-6p6gc-1
created PipelineRun cb-kubecd-bdd-ghf**y-1568818896-6p6gc-1
created PipelineStructure cb-kubecd-bdd-ghf**y-1568818896-6p6gc-1

Showing logs for build [32mcb-kubecd-bdd-ghfjxy-1568818896-6p6gc-1[0m stage [32mrun-make[0m and container [32mstep-credential-initializer-8whlh[0m
{"level":"warn","ts":1568819225.1653628,"logger":"fallback-logger","caller":"logging/config.go:69","msg":"Fetch GitHub commit ID from kodata failed: \"ref: refs/heads/master\" is not a valid GitHub commit ID"}
{"level":"info","ts":1568819225.1658986,"logger":"fallback-logger","caller":"creds-init/main.go:40","msg":"Credentials initialized."}

Showing logs for build [32mcb-kubecd-bdd-ghfjxy-1568818896-6p6gc-1[0m stage [32mrun-make[0m and container [32mstep-working-dir-initializer-ln87s[0m
{"level":"warn","ts":1568819226.1417475,"logger":"fallback-logger","caller":"logging/config.go:69","msg":"Fetch GitHub commit ID from kodata failed: open /var/run/ko/HEAD: no such file or directory"}
{"level":"info","ts":1568819226.1433115,"logger":"fallback-logger","caller":"bash/main.go:65","msg":"Successfully executed command \"mkdir -p /workspace/source\""}

Showing logs for build [32mcb-kubecd-bdd-ghfjxy-1568818896-6p6gc-1[0m stage [32mrun-make[0m and container [32mstep-place-tools[0m

Showing logs for build [32mcb-kubecd-bdd-ghfjxy-1568818896-6p6gc-1[0m stage [32mrun-make[0m and container [32mstep-git-source-cb-kubecd-bdd-ghfjxy-1568818896-zr9ww[0m
{"level":"warn","ts":1568819232.2311614,"logger":"fallback-logger","caller":"logging/config.go:69","msg":"Fetch GitHub commit ID from kodata failed: \"ref: refs/heads/master\" is not a valid GitHub commit ID"}
{"level":"info","ts":1568819233.2983222,"logger":"fallback-logger","caller":"git/git.go:102","msg":"Successfully cloned https://github.com/cb-kubecd/bdd-ghf**y-1568818896.git @ master in path /workspace/source"}

Showing logs for build [32mcb-kubecd-bdd-ghfjxy-1568818896-6p6gc-1[0m stage [32mrun-make[0m and container [32mstep-git-merge[0m
Using SHAs from PULL_REFS=master:399a00fc72353f93ee8e4600e59b80bf0e67a2e8,1:09ad62b048454962bc0a3877bcf6c4367ce4024b
DEBUG: ran git fetch --unshallow origin 09ad62b048454962bc0a3877bcf6c4367ce4024b: 399a00fc72353f93ee8e4600e59b80bf0e67a2e8: in 
DEBUG: ran git checkout master in 
DEBUG: ran git reset --hard 399a00fc72353f93ee8e4600e59b80bf0e67a2e8 in 
DEBUG: ran clean --force -d . in 
DEBUG: ran git merge 09ad62b048454962bc0a3877bcf6c4367ce4024b in 
Merged SHA 09ad62b048454962bc0a3877bcf6c4367ce4024b with commit message 'My first PR commit' into base branch master

Showing logs for build [32mcb-kubecd-bdd-ghfjxy-1568818896-6p6gc-1[0m stage [32mrun-make[0m and container [32mstep-build-make-linux[0m
CGO_ENABLED=0 GOOS=linux GOARCH=amd64 GO15VENDOREXPERIMENT=1 go build -ldflags '' -o bin/bdd-ghf**y-1568818896 main.go

Showing logs for build [32mcb-kubecd-bdd-ghfjxy-1568818896-6p6gc-1[0m stage [32mrun-make[0m and container [32mstep-source-mkdir-cb-kubecd-bdd-ghfjxy-1568818896-slbjx[0m
{"level":"warn","ts":1568819242.3282185,"logger":"fallback-logger","caller":"logging/config.go:69","msg":"Fetch GitHub commit ID from kodata failed: open /var/run/ko/HEAD: no such file or directory"}
{"level":"info","ts":1568819242.3315845,"logger":"fallback-logger","caller":"bash/main.go:65","msg":"Successfully executed command \"mkdir -p /pvc/run-make/workspace\""}

Showing logs for build [32mcb-kubecd-bdd-ghfjxy-1568818896-6p6gc-1[0m stage [32mrun-make[0m and container [32mstep-source-copy-cb-kubecd-bdd-ghfjxy-1568818896-7wtj9[0m
{"level":"warn","ts":1568819242.6232197,"logger":"fallback-logger","caller":"logging/config.go:69","msg":"Fetch GitHub commit ID from kodata failed: open /var/run/ko/HEAD: no such file or directory"}
{"level":"info","ts":1568819242.64025,"logger":"fallback-logger","caller":"bash/main.go:65","msg":"Successfully executed command \"cp -r /workspace/source/. /pvc/run-make/workspace\""}

Showing logs for build [32mcb-kubecd-bdd-ghfjxy-1568818896-6p6gc-1[0m stage [32meverything-else[0m and container [32mstep-credential-initializer-5v5s5[0m
{"level":"warn","ts":1568819249.7293603,"logger":"fallback-logger","caller":"logging/config.go:69","msg":"Fetch GitHub commit ID from kodata failed: \"ref: refs/heads/master\" is not a valid GitHub commit ID"}
{"level":"info","ts":1568819249.7300007,"logger":"fallback-logger","caller":"creds-init/main.go:40","msg":"Credentials initialized."}

Showing logs for build [32mcb-kubecd-bdd-ghfjxy-1568818896-6p6gc-1[0m stage [32meverything-else[0m and container [32mstep-working-dir-initializer-d5pkv[0m
{"level":"warn","ts":1568819250.7574346,"logger":"fallback-logger","caller":"logging/config.go:69","msg":"Fetch GitHub commit ID from kodata failed: open /var/run/ko/HEAD: no such file or directory"}
{"level":"info","ts":1568819250.7591262,"logger":"fallback-logger","caller":"bash/main.go:65","msg":"Successfully executed command \"mkdir -p /workspace/source /workspace/source/charts/preview\""}

Showing logs for build [32mcb-kubecd-bdd-ghfjxy-1568818896-6p6gc-1[0m stage [32meverything-else[0m and container [32mstep-place-tools[0m

Showing logs for build [32mcb-kubecd-bdd-ghfjxy-1568818896-6p6gc-1[0m stage [32meverything-else[0m and container [32mstep-create-dir-workspace-5fzs6[0m
{"level":"warn","ts":1568819256.9194283,"logger":"fallback-logger","caller":"logging/config.go:69","msg":"Fetch GitHub commit ID from kodata failed: open /var/run/ko/HEAD: no such file or directory"}
{"level":"info","ts":1568819256.9238615,"logger":"fallback-logger","caller":"bash/main.go:65","msg":"Successfully executed command \"mkdir -p /workspace/source\""}

Showing logs for build [32mcb-kubecd-bdd-ghfjxy-1568818896-6p6gc-1[0m stage [32meverything-else[0m and container [32mstep-source-copy-workspace-nkstc[0m
{"level":"warn","ts":1568819257.263336,"logger":"fallback-logger","caller":"logging/config.go:69","msg":"Fetch GitHub commit ID from kodata failed: open /var/run/ko/HEAD: no such file or directory"}
{"level":"info","ts":1568819257.4764805,"logger":"fallback-logger","caller":"bash/main.go:65","msg":"Successfully executed command \"cp -r /pvc/run-make/workspace/. /workspace/source\""}

Showing logs for build [32mcb-kubecd-bdd-ghfjxy-1568818896-6p6gc-1[0m stage [32meverything-else[0m and container [32mstep-build-container-build[0m
[36mINFO[0m[0000] No base image, nothing to extract            
[36mINFO[0m[0000] cmd: EXPOSE                                  
[36mINFO[0m[0000] Adding exposed port: 8080/tcp                
[36mINFO[0m[0000] Using files from context: [/workspace/source/bin] 
[36mINFO[0m[0000] Skipping unpacking as no commands require it. 
[36mINFO[0m[0000] Taking snapshot of full filesystem...        
[36mINFO[0m[0000] EXPOSE 8080                                  
[36mINFO[0m[0000] cmd: EXPOSE                                  
[36mINFO[0m[0000] Adding exposed port: 8080/tcp                
[36mINFO[0m[0000] No files changed in this command, skipping snapshotting. 
[36mINFO[0m[0000] ENTRYPOINT ["/bdd-ghf**y-1568818896"]        
[36mINFO[0m[0000] No files changed in this command, skipping snapshotting. 
[36mINFO[0m[0000] Using files from context: [/workspace/source/bin] 
[36mINFO[0m[0000] COPY ./bin/ /                                
[36mINFO[0m[0000] Taking snapshot of files...                  
2019/09/18 15:07:41 pushed blob: sha256:f5fa522df64dc4a92d37e4915180a0a952fc0ebab3c53ff904f15c1ce364ee5e
2019/09/18 15:07:42 pushed blob: sha256:d2edc1de5f481615e9bbcd3be3ed1c31f643d8f232262053b4f3b1d6e2b5c51f
2019/09/18 15:07:44 gcr.io/jenkins-x-bdd3/bdd-ghf**y-1568818896:0.0.0-SNAPSHOT-PR-1-1: digest: sha256:ebb137ceeeabb88b1a69d744ed7811b77ee9581a14e2cc22e0728aed69d09171 size: 428

Showing logs for build [32mcb-kubecd-bdd-ghfjxy-1568818896-6p6gc-1[0m stage [32meverything-else[0m and container [32mstep-postbuild-post-build[0m
no CVE provider running in the current ** namespace so skip adding image to be analysed

Showing logs for build [32mcb-kubecd-bdd-ghfjxy-1568818896-6p6gc-1[0m stage [32meverything-else[0m and container [32mstep-promote-make-preview[0m
sed -i -e "s/version:.*/version: 0.0.0-SNAPSHOT-PR-1-1/" Chart.yaml
sed -i -e "s/version:.*/version: 0.0.0-SNAPSHOT-PR-1-1/" ../*/Chart.yaml
sed -i -e "s|repository:.*|repository: gcr.io\/jenkins-x-bdd3\/bdd-ghf**y-1568818896|" values.yaml
sed -i -e "s/tag:.*/tag: 0.0.0-SNAPSHOT-PR-1-1/" values.yaml
echo "  version: 0.0.0-SNAPSHOT-PR-1-1" >> requirements.yaml
** step helm build
WARNING: No $CHART_REPOSITORY defined so using the default value of: http://jenkins-x-chartmuseum:8080
Adding missing Helm repo: storage.googleapis.com https://storage.googleapis.com/chartmuseum.jenkins-x.io
Successfully added Helm repository storage.googleapis.com.
Adding missing Helm repo: jenkins-x-chartmuseum http://jenkins-x-chartmuseum:8080
Successfully added Helm repository jenkins-x-chartmuseum.
WARNING: No $CHART_REPOSITORY defined so using the default value of: http://jenkins-x-chartmuseum:8080
Adding missing Helm repo: chartmuseum.jenkins-x.io http://chartmuseum.jenkins-x.io
Successfully added Helm repository chartmuseum.jenkins-x.io.

Showing logs for build [32mcb-kubecd-bdd-ghfjxy-1568818896-6p6gc-1[0m stage [32meverything-else[0m and container [32mstep-promote-jx-preview[0m
Creating a preview
WARNING: No author for commit: 09ad62b048454962bc0a3877bcf6c4367ce4024b
Created environment cb-kubecd-bdd-ghf**y-1568818896-pr-1
Namespace **-cb-kubecd-bdd-ghf**y-1568818896-pr-1 created 
expose:
  Annotations:
    helm.sh/hook: post-install,post-upgrade
    helm.sh/hook-delete-policy: hook-succeeded
  config:
    domain: 34.77.142.162.nip.io
    exposer: Ingress
    http: "true"
preview:
  image:
    repository: gcr.io/jenkins-x-bdd3/bdd-ghf**y-1568818896
    tag: 0.0.0-SNAPSHOT-PR-1-1
Deleting and cloning the Jenkins X versions repo
Cloning the Jenkins X versions repo https://github.com/jenkins-x/jenkins-x-versions.git with ref refs/heads/master to /builder/home/.**/jenkins-x-versions


Updating PipelineActivities cb-kubecd-bdd-ghf**y-1568818896-pr-1-1 which has status Running
Preview application is now available at: http://bdd-ghf**y-1568818896.**-cb-kubecd-bdd-ghf**y-1568818896-pr-1.34.77.142.162.nip.io
